\BOOKMARK [0][]{titlepage.0}{\376\377\134\001\227\142}{}% 1
\BOOKMARK [0][]{entitlepage.0}{\376\377\000T\000i\000t\000l\000e\000\040\000p\000a\000g\000e}{}% 2
\BOOKMARK [0][]{statement.0}{\376\377\123\237\122\033\140\047\130\360\146\016}{}% 3
\BOOKMARK [0][]{Doc-Start}{\376\377\133\146\117\115\213\272\145\207\123\237\122\033\140\047\130\360\146\016\124\214\133\146\117\115\213\272\145\207\162\110\147\103\117\177\165\050\143\210\147\103\116\146}{}% 4
\BOOKMARK [0][]{hnuchapter.1.0}{\376\377\144\130\000\040\211\201}{}% 5
\BOOKMARK [0][]{chapter*.1}{\376\377\144\130\000\040\211\201}{}% 6
\BOOKMARK [0][]{hnuchapter.2.0}{\376\377\000A\000b\000s\000t\000r\000a\000c\000t}{}% 7
\BOOKMARK [0][]{chapter*.2}{\376\377\000A\000b\000s\000t\000r\000a\000c\000t}{}% 8
\BOOKMARK [0][]{hnuchapter.3.0}{\376\377\166\356\000\040\137\125}{}% 9
\BOOKMARK [0][]{hnuchapter.4.0}{\376\377\143\322\126\376\175\042\137\025}{}% 10
\BOOKMARK [0][]{chapter*.4}{\376\377\143\322\126\376\175\042\137\025}{}% 11
\BOOKMARK [0][]{hnuchapter.5.0}{\376\377\226\104\210\150\175\042\137\025}{}% 12
\BOOKMARK [0][]{chapter*.5}{\376\377\226\104\210\150\175\042\137\025}{}% 13
\BOOKMARK [0][]{chapter.1}{\376\377\173\054\0001\172\340\000\040\000\040\176\352\000\040\213\272}{}% 14
\BOOKMARK [1][-]{section.1.1}{\376\377\0001\000.\0001\000\040\131\032\150\070\174\373\176\337\151\202\217\360}{chapter.1}% 15
\BOOKMARK [2][-]{subsection.1.1.1}{\376\377\0001\000.\0001\000.\0001\000\040\131\032\150\070\117\123\174\373\176\323\147\204}{section.1.1}% 16
\BOOKMARK [1][-]{section.1.2}{\376\377\0001\000.\0002\000\040\220\011\230\230\200\314\146\157\116\016\141\017\116\111}{chapter.1}% 17
\BOOKMARK [1][-]{section.1.3}{\376\377\0001\000.\0003\000\040\147\054\145\207\116\073\211\201\135\345\117\134}{chapter.1}% 18
\BOOKMARK [1][-]{section.1.4}{\376\377\0001\000.\0004\000\040\147\054\145\207\176\304\176\307\176\323\147\204}{chapter.1}% 19
\BOOKMARK [0][]{chapter.2}{\376\377\173\054\0002\172\340\000\040\000\040\173\054\116\214\172\340\150\007\230\230}{}% 20
\BOOKMARK [1][-]{section.2.1}{\376\377\0002\000.\0001\000\040\0002\000.\0001\202\202}{chapter.2}% 21
\BOOKMARK [2][-]{subsection.2.1.1}{\376\377\0002\000.\0001\000.\0001\000\040\0002\000.\0001\000.\0001\133\120\202\202}{section.2.1}% 22
\BOOKMARK [2][-]{subsection.2.1.2}{\376\377\0002\000.\0001\000.\0002\000\040\0002\000.\0001\000.\0002\133\120\202\202}{section.2.1}% 23
\BOOKMARK [1][-]{section.2.2}{\376\377\0002\000.\0002\000\040\0002\000.\0002\202\202}{chapter.2}% 24
\BOOKMARK [0][]{chapter.3}{\376\377\173\054\0003\172\340\000\040\000\040\127\372\116\216\131\032\150\070\174\373\176\337\166\204\136\166\123\321\124\310\136\014\210\150\166\204\213\304\117\060\116\016\122\006\147\220}{}% 25
\BOOKMARK [1][-]{section.3.1}{\376\377\0003\000.\0001\000\040\133\236\163\260\136\166\123\321\124\310\136\014\210\150\166\204\124\014\153\145\145\271\154\325\153\324\217\203}{chapter.3}% 26
\BOOKMARK [1][-]{section.3.2}{\376\377\0003\000.\0002\000\040\121\170\127\213\166\204\136\166\123\321\124\310\136\014\210\150}{chapter.3}% 27
\BOOKMARK [2][-]{subsection.3.2.1}{\376\377\0003\000.\0002\000.\0001\000\040\177\023\133\130\210\114\124\310\136\014\210\150}{section.3.2}% 28
\BOOKMARK [2][-]{subsection.3.2.2}{\376\377\0003\000.\0002\000.\0002\000\040\000C\000u\000c\000k\000o\000o\124\310\136\014\210\150}{section.3.2}% 29
\BOOKMARK [2][-]{subsection.3.2.3}{\376\377\0003\000.\0002\000.\0003\000\040\176\277\172\013\142\151\134\125\140\047}{section.3.2}% 30
\BOOKMARK [0][]{chapter.4}{\376\377\173\054\0004\172\340\000\040\000\040\172\340\150\007\230\230}{}% 31
\BOOKMARK [1][-]{section.4.1}{\376\377\0004\000.\0001\000\040\202\202\150\007\230\230}{chapter.4}% 32
\BOOKMARK [0][]{chapter.5}{\376\377\173\054\0005\172\340\000\040\000\040\172\340\150\007\230\230}{}% 33
\BOOKMARK [1][-]{section.5.1}{\376\377\0005\000.\0001\000\040\202\202\150\007\230\230}{chapter.5}% 34
\BOOKMARK [2][-]{subsection.5.1.1}{\376\377\0005\000.\0001\000.\0001\000\040\133\120\202\202\150\007\230\230}{section.5.1}% 35
\BOOKMARK [2][-]{subsection.5.1.2}{\376\377\0005\000.\0001\000.\0002\000\040\147\000\117\030\124\310\136\014\121\375\145\160\116\052\145\160}{section.5.1}% 36
\BOOKMARK [2][-]{subsection.5.1.3}{\376\377\0005\000.\0001\000.\0003\000\040\122\240\225\001\116\016\211\343\225\001}{section.5.1}% 37
\BOOKMARK [0][]{hnuchapter.6.0}{\376\377\140\073\176\323\116\016\134\125\147\033}{}% 38
\BOOKMARK [0][]{chapter*.7}{\376\377\140\073\176\323\116\016\134\125\147\033}{}% 39
\BOOKMARK [0][]{chapter*.8}{\376\377\123\302\200\003\145\207\163\056}{}% 40
\BOOKMARK [0][]{appendix.A}{\376\377\226\104\137\125\000\040\000A\000\040\000\040\213\373\133\146\117\115\147\037\225\364\142\100\123\321\210\150\166\204\133\146\147\057\213\272\145\207}{}% 41
\BOOKMARK [0][]{appendix.B}{\376\377\226\104\137\125\000\040\000B\000\040\000\040\213\373\133\146\117\115\147\037\225\364\142\100\123\302\122\240\166\204\171\321\170\024\230\171\166\356}{}% 42
\BOOKMARK [0][]{appendix*.9}{\376\377\201\364\000\040\214\042}{}% 43
